23:30:58 **** Auto Build of configuration Debug for project 2mm_0 ****
make pre-build main-build 
a9-linaro-pre-build-step
 
Building file: ../src/2mm_control.c
Invoking: ARM v7 gcc compiler
arm-none-eabi-gcc -Wall -O0 -g3 -c -fmessage-length=0 -MT"src/2mm_control.o" -mcpu=cortex-a9 -mfpu=vfpv3 -mfloat-abi=hard -I../../2mm_0_bsp/ps7_cortexa9_0/include -MMD -MP -MF"src/2mm_control.d" -MT"src/2mm_control.o" -o "src/2mm_control.o" "../src/2mm_control.c"
In file included from ../src/2mm_control.c:5:0:
../src/xclockChange.h:41:0: warning: "Xil_AssertVoid" redefined
 #define Xil_AssertVoid(expr)    assert(expr)
 
In file included from ../../2mm_0_bsp/ps7_cortexa9_0/include/xstatus.h:55:0,
                 from ../../2mm_0_bsp/ps7_cortexa9_0/include/xscugic.h:197,
                 from ../src/2mm_control.c:4:
../../2mm_0_bsp/ps7_cortexa9_0/include/xil_assert.h:105:0: note: this is the location of the previous definition
 #define Xil_AssertVoid(Expression)                \
 
In file included from ../src/2mm_control.c:5:0:
../src/xclockChange.h:42:0: warning: "Xil_AssertNonvoid" redefined
 #define Xil_AssertNonvoid(expr) assert(expr)
 
In file included from ../../2mm_0_bsp/ps7_cortexa9_0/include/xstatus.h:55:0,
                 from ../../2mm_0_bsp/ps7_cortexa9_0/include/xscugic.h:197,
                 from ../src/2mm_control.c:4:
../../2mm_0_bsp/ps7_cortexa9_0/include/xil_assert.h:130:0: note: this is the location of the previous definition
 #define Xil_AssertNonvoid(Expression)             \
 
In file included from ../src/2mm_control.c:5:0:
../src/xclockChange.h:44:0: warning: "XST_SUCCESS" redefined
 #define XST_SUCCESS             0
 
In file included from ../../2mm_0_bsp/ps7_cortexa9_0/include/xscugic.h:197:0,
                 from ../src/2mm_control.c:4:
../../2mm_0_bsp/ps7_cortexa9_0/include/xstatus.h:64:0: note: this is the location of the previous definition
 #define XST_SUCCESS                     0L
 
In file included from ../src/2mm_control.c:5:0:
../src/xclockChange.h:45:0: warning: "XST_DEVICE_NOT_FOUND" redefined
 #define XST_DEVICE_NOT_FOUND    2
 
In file included from ../../2mm_0_bsp/ps7_cortexa9_0/include/xscugic.h:197:0,
                 from ../src/2mm_control.c:4:
../../2mm_0_bsp/ps7_cortexa9_0/include/xstatus.h:66:0: note: this is the location of the previous definition
 #define XST_DEVICE_NOT_FOUND            2L
 
In file included from ../src/2mm_control.c:5:0:
../src/xclockChange.h:47:0: warning: "XIL_COMPONENT_IS_READY" redefined
 #define XIL_COMPONENT_IS_READY  1
 
In file included from ../../2mm_0_bsp/ps7_cortexa9_0/include/xil_printf.h:11:0,
                 from ../src/2mm_control.c:2:
../../2mm_0_bsp/ps7_cortexa9_0/include/xil_types.h:76:0: note: this is the location of the previous definition
 #define XIL_COMPONENT_IS_READY     0x11111111U  /**< In device drivers, This macro will be
 
../src/2mm_control.c: In function 'Zynq_2mm_clockChange_init':
../src/2mm_control.c:24:11: warning: implicit declaration of function 'Zynq_2mm_clockChange_CfgInitialize'; did you mean 'Zynq_2mm_clockChange_Initialize'? [-Wimplicit-function-declaration]
  status = Zynq_2mm_clockChange_CfgInitialize(hls_maccPtr, cfgPtr);
           ^~~~~~~~~~~~~~~~~~~~~~~~~~~~~~~~~~
           Zynq_2mm_clockChange_Initialize
Finished building: ../src/2mm_control.c
 
Building file: ../src/helloworld.c
Invoking: ARM v7 gcc compiler
arm-none-eabi-gcc -Wall -O0 -g3 -c -fmessage-length=0 -MT"src/helloworld.o" -mcpu=cortex-a9 -mfpu=vfpv3 -mfloat-abi=hard -I../../2mm_0_bsp/ps7_cortexa9_0/include -MMD -MP -MF"src/helloworld.d" -MT"src/helloworld.o" -o "src/helloworld.o" "../src/helloworld.c"
In file included from ../src/helloworld.c:53:0:
../src/xclockChange.h:41:0: warning: "Xil_AssertVoid" redefined
 #define Xil_AssertVoid(expr)    assert(expr)
 
In file included from ../../2mm_0_bsp/ps7_cortexa9_0/include/xstatus.h:55:0,
                 from ../../2mm_0_bsp/ps7_cortexa9_0/include/xscugic.h:197,
                 from ../src/helloworld.c:52:
../../2mm_0_bsp/ps7_cortexa9_0/include/xil_assert.h:105:0: note: this is the location of the previous definition
 #define Xil_AssertVoid(Expression)                \
 
In file included from ../src/helloworld.c:53:0:
../src/xclockChange.h:42:0: warning: "Xil_AssertNonvoid" redefined
 #define Xil_AssertNonvoid(expr) assert(expr)
 
In file included from ../../2mm_0_bsp/ps7_cortexa9_0/include/xstatus.h:55:0,
                 from ../../2mm_0_bsp/ps7_cortexa9_0/include/xscugic.h:197,
                 from ../src/helloworld.c:52:
../../2mm_0_bsp/ps7_cortexa9_0/include/xil_assert.h:130:0: note: this is the location of the previous definition
 #define Xil_AssertNonvoid(Expression)             \
 
In file included from ../src/helloworld.c:53:0:
../src/xclockChange.h:44:0: warning: "XST_SUCCESS" redefined
 #define XST_SUCCESS             0
 
In file included from ../../2mm_0_bsp/ps7_cortexa9_0/include/xscugic.h:197:0,
                 from ../src/helloworld.c:52:
../../2mm_0_bsp/ps7_cortexa9_0/include/xstatus.h:64:0: note: this is the location of the previous definition
 #define XST_SUCCESS                     0L
 
In file included from ../src/helloworld.c:53:0:
../src/xclockChange.h:45:0: warning: "XST_DEVICE_NOT_FOUND" redefined
 #define XST_DEVICE_NOT_FOUND    2
 
In file included from ../../2mm_0_bsp/ps7_cortexa9_0/include/xscugic.h:197:0,
                 from ../src/helloworld.c:52:
../../2mm_0_bsp/ps7_cortexa9_0/include/xstatus.h:66:0: note: this is the location of the previous definition
 #define XST_DEVICE_NOT_FOUND            2L
 
In file included from ../src/helloworld.c:53:0:
../src/xclockChange.h:47:0: warning: "XIL_COMPONENT_IS_READY" redefined
 #define XIL_COMPONENT_IS_READY  1
 
In file included from ../../2mm_0_bsp/ps7_cortexa9_0/include/xil_printf.h:11:0,
                 from ../src/helloworld.c:50:
../../2mm_0_bsp/ps7_cortexa9_0/include/xil_types.h:76:0: note: this is the location of the previous definition
 #define XIL_COMPONENT_IS_READY     0x11111111U  /**< In device drivers, This macro will be
 
../src/helloworld.c: In function 'main':
../src/helloworld.c:89:8: warning: implicit declaration of function 'exit' [-Wimplicit-function-declaration]
        exit(-1);
        ^~~~
../src/helloworld.c:89:8: warning: incompatible implicit declaration of built-in function 'exit'
../src/helloworld.c:89:8: note: include '<stdlib.h>' or provide a declaration of 'exit'
../src/helloworld.c:91:14: warning: implicit declaration of function 'xtimer_init'; did you mean 'timerisset'? [-Wimplicit-function-declaration]
     status = xtimer_init(&hls_timer); // you need to modify this function according to your HLS function
              ^~~~~~~~~~~
              timerisset
../src/helloworld.c:94:8: warning: incompatible implicit declaration of built-in function 'exit'
        exit(-1);
        ^~~~
../src/helloworld.c:94:8: note: include '<stdlib.h>' or provide a declaration of 'exit'
../src/helloworld.c:98:14: warning: implicit declaration of function 'setup_interrupt' [-Wimplicit-function-declaration]
     status = setup_interrupt(); // you need to modify this function according to your HLS function
              ^~~~~~~~~~~~~~~
../src/helloworld.c:101:8: warning: incompatible implicit declaration of built-in function 'exit'
        exit(-1);
        ^~~~
../src/helloworld.c:101:8: note: include '<stdlib.h>' or provide a declaration of 'exit'
../src/helloworld.c:119:49: warning: passing argument 2 of 'Zynq_2mm_clockChange_Set_D_output_AXI' makes integer from pointer without a cast [-Wint-conversion]
  Zynq_2mm_clockChange_Set_D_output_AXI(&hls_2mm,D_output_AXI);
                                                 ^~~~~~~~~~~~
In file included from ../src/helloworld.c:53:0:
../src/xclockChange.h:71:6: note: expected 'u32 {aka long unsigned int}' but argument is of type 'int *'
 void Zynq_2mm_clockChange_Set_D_output_AXI(Zynq_2mm_clockChange *InstancePtr, u32 Data);
      ^~~~~~~~~~~~~~~~~~~~~~~~~~~~~~~~~~~~~
../src/helloworld.c:120:42: warning: passing argument 2 of 'Zynq_2mm_clockChange_Set_A_AXI' makes integer from pointer without a cast [-Wint-conversion]
  Zynq_2mm_clockChange_Set_A_AXI(&hls_2mm,A_AXI);
                                          ^~~~~
In file included from ../src/helloworld.c:53:0:
../src/xclockChange.h:63:6: note: expected 'u32 {aka long unsigned int}' but argument is of type 'int *'
 void Zynq_2mm_clockChange_Set_A_AXI(Zynq_2mm_clockChange *InstancePtr, u32 Data);
      ^~~~~~~~~~~~~~~~~~~~~~~~~~~~~~
../src/helloworld.c:121:42: warning: passing argument 2 of 'Zynq_2mm_clockChange_Set_B_AXI' makes integer from pointer without a cast [-Wint-conversion]
  Zynq_2mm_clockChange_Set_B_AXI(&hls_2mm,B_AXI);
                                          ^~~~~
In file included from ../src/helloworld.c:53:0:
../src/xclockChange.h:65:6: note: expected 'u32 {aka long unsigned int}' but argument is of type 'int *'
 void Zynq_2mm_clockChange_Set_B_AXI(Zynq_2mm_clockChange *InstancePtr, u32 Data);
      ^~~~~~~~~~~~~~~~~~~~~~~~~~~~~~
../src/helloworld.c:122:42: warning: passing argument 2 of 'Zynq_2mm_clockChange_Set_C_AXI' makes integer from pointer without a cast [-Wint-conversion]
  Zynq_2mm_clockChange_Set_C_AXI(&hls_2mm,C_AXI);
                                          ^~~~~
In file included from ../src/helloworld.c:53:0:
../src/xclockChange.h:67:6: note: expected 'u32 {aka long unsigned int}' but argument is of type 'int *'
 void Zynq_2mm_clockChange_Set_C_AXI(Zynq_2mm_clockChange *InstancePtr, u32 Data);
      ^~~~~~~~~~~~~~~~~~~~~~~~~~~~~~
../src/helloworld.c:123:48: warning: passing argument 2 of 'Zynq_2mm_clockChange_Set_D_input_AXI' makes integer from pointer without a cast [-Wint-conversion]
  Zynq_2mm_clockChange_Set_D_input_AXI(&hls_2mm,D_input_AXI);
                                                ^~~~~~~~~~~
In file included from ../src/helloworld.c:53:0:
../src/xclockChange.h:69:6: note: expected 'u32 {aka long unsigned int}' but argument is of type 'int *'
 void Zynq_2mm_clockChange_Set_D_input_AXI(Zynq_2mm_clockChange *InstancePtr, u32 Data);
      ^~~~~~~~~~~~~~~~~~~~~~~~~~~~~~~~~~~~
../src/helloworld.c:133:2: warning: implicit declaration of function 'xtimer_start'; did you mean 'XTimer_Start'? [-Wimplicit-function-declaration]
  xtimer_start(&hls_timer); // enable the timer
  ^~~~~~~~~~~~
  XTimer_Start
../src/helloworld.c:162:17: warning: implicit declaration of function 'XKernel_2mm_wrapper_IsReady'; did you mean 'kernel_2mm_wrapper'? [-Wimplicit-function-declaration]
         while (!XKernel_2mm_wrapper_IsReady(&hls_2mm)); // because we are implementing dataflow, we should check IsReady but not IsDone
                 ^~~~~~~~~~~~~~~~~~~~~~~~~~~
                 kernel_2mm_wrapper
../src/helloworld.c:186:7: warning: passing argument 1 of 'kernel_2mm_wrapper' from incompatible pointer type [-Wincompatible-pointer-types]
       A_AXI,
       ^~~~~
In file included from ../src/helloworld.c:56:0:
../src/test.h:66:6: note: expected 'int (*)[24]' but argument is of type 'int *'
 void kernel_2mm_wrapper(
      ^~~~~~~~~~~~~~~~~~
../src/helloworld.c:187:7: warning: passing argument 2 of 'kernel_2mm_wrapper' from incompatible pointer type [-Wincompatible-pointer-types]
       B_AXI,
       ^~~~~
In file included from ../src/helloworld.c:56:0:
../src/test.h:66:6: note: expected 'int (*)[18]' but argument is of type 'int *'
 void kernel_2mm_wrapper(
      ^~~~~~~~~~~~~~~~~~
../src/helloworld.c:188:7: warning: passing argument 3 of 'kernel_2mm_wrapper' from incompatible pointer type [-Wincompatible-pointer-types]
       C_AXI,
       ^~~~~
In file included from ../src/helloworld.c:56:0:
../src/test.h:66:6: note: expected 'int (*)[24]' but argument is of type 'int *'
 void kernel_2mm_wrapper(
      ^~~~~~~~~~~~~~~~~~
../src/helloworld.c:189:7: warning: passing argument 4 of 'kernel_2mm_wrapper' from incompatible pointer type [-Wincompatible-pointer-types]
       D_input_AXI,
       ^~~~~~~~~~~
In file included from ../src/helloworld.c:56:0:
../src/test.h:66:6: note: expected 'int (*)[24]' but argument is of type 'int *'
 void kernel_2mm_wrapper(
      ^~~~~~~~~~~~~~~~~~
../src/helloworld.c:196:5: warning: implicit declaration of function 'Xil_DCacheInvalidateRange' [-Wimplicit-function-declaration]
     Xil_DCacheInvalidateRange(D_output_AXI, 10000000*8);
     ^~~~~~~~~~~~~~~~~~~~~~~~~
../src/helloworld.c:132:15: warning: unused variable 'ticks' [-Wunused-variable]
  unsigned int ticks;
               ^~~~~
../src/helloworld.c:79:15: warning: unused variable 'k' [-Wunused-variable]
     int i, j, k;
               ^
../src/helloworld.c:79:12: warning: unused variable 'j' [-Wunused-variable]
     int i, j, k;
            ^
Finished building: ../src/helloworld.c
 
Building file: ../src/hls_interrupts.c
Invoking: ARM v7 gcc compiler
arm-none-eabi-gcc -Wall -O0 -g3 -c -fmessage-length=0 -MT"src/hls_interrupts.o" -mcpu=cortex-a9 -mfpu=vfpv3 -mfloat-abi=hard -I../../2mm_0_bsp/ps7_cortexa9_0/include -MMD -MP -MF"src/hls_interrupts.d" -MT"src/hls_interrupts.o" -o "src/hls_interrupts.o" "../src/hls_interrupts.c"
In file included from ../src/hls_interrupts.h:9:0,
                 from ../src/hls_interrupts.c:2:
../src/xclockChange.h:41:0: warning: "Xil_AssertVoid" redefined
 #define Xil_AssertVoid(expr)    assert(expr)
 
In file included from ../../2mm_0_bsp/ps7_cortexa9_0/include/xstatus.h:55:0,
                 from ../../2mm_0_bsp/ps7_cortexa9_0/include/xscugic.h:197,
                 from ../src/hls_interrupts.h:8,
                 from ../src/hls_interrupts.c:2:
../../2mm_0_bsp/ps7_cortexa9_0/include/xil_assert.h:105:0: note: this is the location of the previous definition
 #define Xil_AssertVoid(Expression)                \
 
In file included from ../src/hls_interrupts.h:9:0,
                 from ../src/hls_interrupts.c:2:
../src/xclockChange.h:42:0: warning: "Xil_AssertNonvoid" redefined
 #define Xil_AssertNonvoid(expr) assert(expr)
 
In file included from ../../2mm_0_bsp/ps7_cortexa9_0/include/xstatus.h:55:0,
                 from ../../2mm_0_bsp/ps7_cortexa9_0/include/xscugic.h:197,
                 from ../src/hls_interrupts.h:8,
                 from ../src/hls_interrupts.c:2:
../../2mm_0_bsp/ps7_cortexa9_0/include/xil_assert.h:130:0: note: this is the location of the previous definition
 #define Xil_AssertNonvoid(Expression)             \
 
In file included from ../src/hls_interrupts.h:9:0,
                 from ../src/hls_interrupts.c:2:
../src/xclockChange.h:44:0: warning: "XST_SUCCESS" redefined
 #define XST_SUCCESS             0
 
In file included from ../../2mm_0_bsp/ps7_cortexa9_0/include/xscugic.h:197:0,
                 from ../src/hls_interrupts.h:8,
                 from ../src/hls_interrupts.c:2:
../../2mm_0_bsp/ps7_cortexa9_0/include/xstatus.h:64:0: note: this is the location of the previous definition
 #define XST_SUCCESS                     0L
 
In file included from ../src/hls_interrupts.h:9:0,
                 from ../src/hls_interrupts.c:2:
../src/xclockChange.h:45:0: warning: "XST_DEVICE_NOT_FOUND" redefined
src/subdir.mk:45: recipe for target 'src/hls_interrupts.o' failed
 #define XST_DEVICE_NOT_FOUND    2
 
In file included from ../../2mm_0_bsp/ps7_cortexa9_0/include/xscugic.h:197:0,
                 from ../src/hls_interrupts.h:8,
                 from ../src/hls_interrupts.c:2:
../../2mm_0_bsp/ps7_cortexa9_0/include/xstatus.h:66:0: note: this is the location of the previous definition
 #define XST_DEVICE_NOT_FOUND            2L
 
In file included from ../src/hls_interrupts.h:9:0,
                 from ../src/hls_interrupts.c:2:
../src/xclockChange.h:47:0: warning: "XIL_COMPONENT_IS_READY" redefined
 #define XIL_COMPONENT_IS_READY  1
 
In file included from ../../2mm_0_bsp/ps7_cortexa9_0/include/xil_printf.h:11:0,
                 from ../src/hls_interrupts.h:6,
                 from ../src/hls_interrupts.c:2:
../../2mm_0_bsp/ps7_cortexa9_0/include/xil_types.h:76:0: note: this is the location of the previous definition
 #define XIL_COMPONENT_IS_READY     0x11111111U  /**< In device drivers, This macro will be
 
../src/hls_interrupts.c: In function 'setup_interrupt':
../src/hls_interrupts.c:41:37: error: 'XPAR_FABRIC_ZYNQ_2MM_CLOCKCHANGE_0_INTERRUPT_INTR' undeclared (first use in this function); did you mean 'XPAR_FABRIC_ZEDBOARD_BASE_KERNEL_0_INTERRUPT_INTR'?
    result = XScuGic_Connect(&ScuGic,XPAR_FABRIC_ZYNQ_2MM_CLOCKCHANGE_0_INTERRUPT_INTR,(Xil_InterruptHandler)Zynq_2mm_clockChange_isr,&hls_2mm);
                                     ^~~~~~~~~~~~~~~~~~~~~~~~~~~~~~~~~~~~~~~~~~~~~~~~~
                                     XPAR_FABRIC_ZEDBOARD_BASE_KERNEL_0_INTERRUPT_INTR
../src/hls_interrupts.c:41:37: note: each undeclared identifier is reported only once for each function it appears in
../src/hls_interrupts.c:45:37: error: 'XPAR_FABRIC_ZYNQ_2MM_CLOCKCHANGE_1_INTERRUPT_INTR' undeclared (first use in this function); did you mean 'XPAR_FABRIC_ZYNQ_2MM_CLOCKCHANGE_0_INTERRUPT_INTR'?
    result = XScuGic_Connect(&ScuGic,XPAR_FABRIC_ZYNQ_2MM_CLOCKCHANGE_1_INTERRUPT_INTR,(Xil_InterruptHandler)Zynq_2mm_clockChange_isr,&hls_2mm);
                                     ^~~~~~~~~~~~~~~~~~~~~~~~~~~~~~~~~~~~~~~~~~~~~~~~~
                                     XPAR_FABRIC_ZYNQ_2MM_CLOCKCHANGE_0_INTERRUPT_INTR
make: *** [src/hls_interrupts.o] Error 1

23:30:59 Build Finished (took 698ms)

