#-----------------------------------------------------------
# Webtalk v2018.2 (64-bit)
# SW Build 2258646 on Thu Jun 14 20:02:38 MDT 2018
# 
# Start of session at: Sat Sep  7 19:38:22 2019
# Process ID: 9020
# Current directory: /home/tingyuan/Documents/VivadoPrj_backup/HLSMultiIPDiffClock_0907/HLSMultiIPDiffClock_0907/HLSMultiIPDiffClock_0907.sdk/webtalk
# Command line: wbtcv -mode batch -source sdk_webtalk.tcl
# Log file: /home/tingyuan/Documents/VivadoPrj_backup/HLSMultiIPDiffClock_0907/HLSMultiIPDiffClock_0907/HLSMultiIPDiffClock_0907.sdk/webtalk/webtalk.log
# Journal file: /home/tingyuan/Documents/VivadoPrj_backup/HLSMultiIPDiffClock_0907/HLSMultiIPDiffClock_0907/HLSMultiIPDiffClock_0907.sdk/webtalk/webtalk.jou
#-----------------------------------------------------------
source sdk_webtalk.tcl
# webtalk_init -webtalk_dir /home/tingyuan/Documents/VivadoPrj_backup/HLSMultiIPDiffClock_0907/HLSMultiIPDiffClock_0907/HLSMultiIPDiffClock_0907.sdk/webtalk
# webtalk_register_client -client project
# webtalk_add_data -client project -key date_generated -value "2019-09-07 19:38:21" -context "software_version_and_target_device"
# webtalk_add_data -client project -key product_version -value "SDK v2018.2" -context "software_version_and_target_device"
# webtalk_add_data -client project -key build_version -value "2018.2" -context "software_version_and_target_device"
# webtalk_add_data -client project -key os_platform -value "amd64" -context "software_version_and_target_device"
# webtalk_add_data -client project -key registration_id -value "" -context "software_version_and_target_device"
# webtalk_add_data -client project -key tool_flow -value "SDK" -context "software_version_and_target_device"
# webtalk_add_data -client project -key beta -value "false" -context "software_version_and_target_device"
# webtalk_add_data -client project -key route_design -value "NA" -context "software_version_and_target_device"
# webtalk_add_data -client project -key target_family -value "NA" -context "software_version_and_target_device"
# webtalk_add_data -client project -key target_device -value "NA" -context "software_version_and_target_device"
# webtalk_add_data -client project -key target_package -value "NA" -context "software_version_and_target_device"
# webtalk_add_data -client project -key target_speed -value "NA" -context "software_version_and_target_device"
# webtalk_add_data -client project -key random_id -value "pluji02j7knildikfrot4qvqa8" -context "software_version_and_target_device"
# webtalk_add_data -client project -key project_id -value "2018.2_10" -context "software_version_and_target_device"
# webtalk_add_data -client project -key project_iteration -value "10" -context "software_version_and_target_device"
# webtalk_add_data -client project -key os_name -value "Ubuntu" -context "user_environment"
# webtalk_add_data -client project -key os_release -value "Ubuntu 18.04.2 LTS" -context "user_environment"
# webtalk_add_data -client project -key cpu_name -value "Intel(R) Core(TM) i5-3470 CPU @ 3.20GHz" -context "user_environment"
# webtalk_add_data -client project -key cpu_speed -value "2380.776 MHz" -context "user_environment"
# webtalk_add_data -client project -key total_processors -value "1" -context "user_environment"
# webtalk_add_data -client project -key system_ram -value "25.228 GB" -context "user_environment"
# webtalk_register_client -client sdk
# webtalk_add_data -client sdk -key uid -value "1567854321000" -context "sdk\\\\hardware/1567854321000"
# webtalk_add_data -client sdk -key isZynq -value "true" -context "sdk\\\\hardware/1567854321000"
# webtalk_add_data -client sdk -key isZynqMP -value "false" -context "sdk\\\\hardware/1567854321000"
# webtalk_add_data -client sdk -key Processors -value "2" -context "sdk\\\\hardware/1567854321000"
# webtalk_add_data -client sdk -key VivadoVersion -value "2018.2" -context "sdk\\\\hardware/1567854321000"
# webtalk_add_data -client sdk -key Arch -value "zynq" -context "sdk\\\\hardware/1567854321000"
# webtalk_add_data -client sdk -key Device -value "7z020" -context "sdk\\\\hardware/1567854321000"
# webtalk_add_data -client sdk -key IsHandoff -value "true" -context "sdk\\\\hardware/1567854321000"
# webtalk_add_data -client sdk -key os -value "NA" -context "sdk\\\\hardware/1567854321000"
# webtalk_add_data -client sdk -key apptemplate -value "NA" -context "sdk\\\\hardware/1567854321000"
# webtalk_add_data -client sdk -key RecordType -value "HWCreation" -context "sdk\\\\hardware/1567854321000"
# webtalk_add_data -client sdk -key uid -value "NA" -context "sdk\\\\bsp/1567856301256"
# webtalk_add_data -client sdk -key RecordType -value "ToolUsage" -context "sdk\\\\bsp/1567856301256"
# webtalk_add_data -client sdk -key BootgenCount -value "0" -context "sdk\\\\bsp/1567856301256"
# webtalk_add_data -client sdk -key DebugCount -value "4" -context "sdk\\\\bsp/1567856301256"
# webtalk_add_data -client sdk -key PerfCount -value "0" -context "sdk\\\\bsp/1567856301256"
# webtalk_add_data -client sdk -key FlashCount -value "0" -context "sdk\\\\bsp/1567856301256"
# webtalk_add_data -client sdk -key CrossTriggCount -value "0" -context "sdk\\\\bsp/1567856301256"
# webtalk_add_data -client sdk -key QemuDebugCount -value "0" -context "sdk\\\\bsp/1567856301256"
# webtalk_transmit -clientid 513035988 -regid "" -xml /home/tingyuan/Documents/VivadoPrj_backup/HLSMultiIPDiffClock_0907/HLSMultiIPDiffClock_0907/HLSMultiIPDiffClock_0907.sdk/webtalk/usage_statistics_ext_sdk.xml -html /home/tingyuan/Documents/VivadoPrj_backup/HLSMultiIPDiffClock_0907/HLSMultiIPDiffClock_0907/HLSMultiIPDiffClock_0907.sdk/webtalk/usage_statistics_ext_sdk.html -wdm /home/tingyuan/Documents/VivadoPrj_backup/HLSMultiIPDiffClock_0907/HLSMultiIPDiffClock_0907/HLSMultiIPDiffClock_0907.sdk/webtalk/sdk_webtalk.wdm -intro "<H3>SDK Usage Report</H3><BR>"
INFO: [Common 17-186] '/home/tingyuan/Documents/VivadoPrj_backup/HLSMultiIPDiffClock_0907/HLSMultiIPDiffClock_0907/HLSMultiIPDiffClock_0907.sdk/webtalk/usage_statistics_ext_sdk.xml' has been successfully sent to Xilinx on Sat Sep  7 19:38:25 2019. For additional details about this file, please refer to the WebTalk help file at /opt/Xilinx_201802/SDK/2018.2/doc/webtalk_introduction.html.
# webtalk_terminate
INFO: [Common 17-206] Exiting Webtalk at Sat Sep  7 19:38:25 2019...
